2023-10-25 20:47:55.957  INFO 23208 --- [main] com.example.demo.SareetaApplication      : Starting SareetaApplication on LAPTOP-6CKEEKI0 with PID 23208 (D:\Projects\nd035-c4-Security-and-DevOps\starter_code\target\classes started by letlejackop in D:\Projects\nd035-c4-Security-and-DevOps)
2023-10-25 20:47:55.960  INFO 23208 --- [main] com.example.demo.SareetaApplication      : No active profile set, falling back to default profiles: default
2023-10-25 20:47:56.266  INFO 23208 --- [main] .s.d.r.c.RepositoryConfigurationDelegate : Bootstrapping Spring Data JPA repositories in DEFAULT mode.
2023-10-25 20:47:56.315  INFO 23208 --- [main] .s.d.r.c.RepositoryConfigurationDelegate : Finished Spring Data repository scanning in 43ms. Found 4 JPA repository interfaces.
2023-10-25 20:47:56.730  INFO 23208 --- [main] o.s.b.w.embedded.tomcat.TomcatWebServer  : Tomcat initialized with port(s): 8080 (http)
2023-10-25 20:47:56.736  INFO 23208 --- [main] o.apache.catalina.core.StandardService   : Starting service [Tomcat]
2023-10-25 20:47:56.737  INFO 23208 --- [main] org.apache.catalina.core.StandardEngine  : Starting Servlet engine: [Apache Tomcat/9.0.37]
2023-10-25 20:47:56.796  INFO 23208 --- [main] o.a.c.c.C.[Tomcat].[localhost].[/]       : Initializing Spring embedded WebApplicationContext
2023-10-25 20:47:56.796  INFO 23208 --- [main] w.s.c.ServletWebServerApplicationContext : Root WebApplicationContext: initialization completed in 797 ms
2023-10-25 20:47:56.949  INFO 23208 --- [main] o.hibernate.jpa.internal.util.LogHelper  : HHH000204: Processing PersistenceUnitInfo [name: default]
2023-10-25 20:47:56.982  INFO 23208 --- [main] org.hibernate.Version                    : HHH000412: Hibernate ORM core version 5.4.18.Final
2023-10-25 20:47:57.093  INFO 23208 --- [main] o.hibernate.annotations.common.Version   : HCANN000001: Hibernate Commons Annotations {5.1.0.Final}
2023-10-25 20:47:57.166  INFO 23208 --- [main] com.zaxxer.hikari.HikariDataSource       : HikariPool-1 - Starting...
2023-10-25 20:47:57.320  INFO 23208 --- [main] com.zaxxer.hikari.HikariDataSource       : HikariPool-1 - Start completed.
2023-10-25 20:47:57.335  INFO 23208 --- [main] org.hibernate.dialect.Dialect            : HHH000400: Using dialect: org.hibernate.dialect.H2Dialect
2023-10-25 20:47:57.979  INFO 23208 --- [main] o.h.e.t.j.p.i.JtaPlatformInitiator       : HHH000490: Using JtaPlatform implementation: [org.hibernate.engine.transaction.jta.platform.internal.NoJtaPlatform]
2023-10-25 20:47:57.986  INFO 23208 --- [main] j.LocalContainerEntityManagerFactoryBean : Initialized JPA EntityManagerFactory for persistence unit 'default'
2023-10-25 20:47:58.256  WARN 23208 --- [main] JpaBaseConfiguration$JpaWebConfiguration : spring.jpa.open-in-view is enabled by default. Therefore, database queries may be performed during view rendering. Explicitly configure spring.jpa.open-in-view to disable this warning
2023-10-25 20:47:58.529  INFO 23208 --- [main] o.s.s.web.DefaultSecurityFilterChain     : Creating filter chain: any request, [org.springframework.security.web.context.request.async.WebAsyncManagerIntegrationFilter@1820f274, org.springframework.security.web.context.SecurityContextPersistenceFilter@c96c497, org.springframework.security.web.header.HeaderWriterFilter@3d73cd78, org.springframework.web.filter.CorsFilter@221cdd87, org.springframework.security.web.authentication.logout.LogoutFilter@7aca299e, com.example.demo.security.JWTAuthenticationFilter@4d66cb, com.example.demo.security.JWTAuthenticationVerficationFilter@7c79f2cf, org.springframework.security.web.savedrequest.RequestCacheAwareFilter@53a16dd6, org.springframework.security.web.servletapi.SecurityContextHolderAwareRequestFilter@1942a36e, org.springframework.security.web.authentication.AnonymousAuthenticationFilter@63551c66, org.springframework.security.web.session.SessionManagementFilter@45cf0c15, org.springframework.security.web.access.ExceptionTranslationFilter@55c341d0, org.springframework.security.web.access.intercept.FilterSecurityInterceptor@276aa33f]
2023-10-25 20:47:58.564  INFO 23208 --- [main] o.s.s.concurrent.ThreadPoolTaskExecutor  : Initializing ExecutorService 'applicationTaskExecutor'
2023-10-25 20:47:58.645  INFO 23208 --- [main] o.s.b.w.embedded.tomcat.TomcatWebServer  : Tomcat started on port(s): 8080 (http) with context path ''
2023-10-25 20:47:58.651  INFO 23208 --- [main] com.example.demo.SareetaApplication      : Started SareetaApplication in 2.969 seconds (JVM running for 3.716)
2023-10-25 20:48:10.490  INFO 23208 --- [SpringContextShutdownHook] o.s.s.concurrent.ThreadPoolTaskExecutor  : Shutting down ExecutorService 'applicationTaskExecutor'
2023-10-25 20:48:10.491  INFO 23208 --- [SpringContextShutdownHook] j.LocalContainerEntityManagerFactoryBean : Closing JPA EntityManagerFactory for persistence unit 'default'
2023-10-25 20:48:10.492  INFO 23208 --- [SpringContextShutdownHook] com.zaxxer.hikari.HikariDataSource       : HikariPool-1 - Shutdown initiated...
2023-10-25 20:48:10.493  INFO 23208 --- [SpringContextShutdownHook] com.zaxxer.hikari.HikariDataSource       : HikariPool-1 - Shutdown completed.
